running egg_info
writing ../../build/f1_omni/f1_omni.egg-info/PKG-INFO
writing dependency_links to ../../build/f1_omni/f1_omni.egg-info/dependency_links.txt
writing entry points to ../../build/f1_omni/f1_omni.egg-info/entry_points.txt
writing requirements to ../../build/f1_omni/f1_omni.egg-info/requires.txt
writing top-level names to ../../build/f1_omni/f1_omni.egg-info/top_level.txt
reading manifest file '../../build/f1_omni/f1_omni.egg-info/SOURCES.txt'
writing manifest file '../../build/f1_omni/f1_omni.egg-info/SOURCES.txt'
running build
running build_py
running install
running install_lib
running install_data
running install_egg_info
removing '/home/r478a194/ros2_ws/install/f1_omni/lib/python3.10/site-packages/f1_omni-0.0.0-py3.10.egg-info' (and everything under it)
Copying ../../build/f1_omni/f1_omni.egg-info to /home/r478a194/ros2_ws/install/f1_omni/lib/python3.10/site-packages/f1_omni-0.0.0-py3.10.egg-info
running install_scripts
Installing crop script to /home/r478a194/ros2_ws/install/f1_omni/lib/f1_omni
Installing tln script to /home/r478a194/ros2_ws/install/f1_omni/lib/f1_omni
writing list of installed files to '/home/r478a194/ros2_ws/build/f1_omni/install.log'
