running egg_info
creating ../../build/f1_omni/f1_omni.egg-info
writing ../../build/f1_omni/f1_omni.egg-info/PKG-INFO
writing dependency_links to ../../build/f1_omni/f1_omni.egg-info/dependency_links.txt
writing entry points to ../../build/f1_omni/f1_omni.egg-info/entry_points.txt
writing requirements to ../../build/f1_omni/f1_omni.egg-info/requires.txt
writing top-level names to ../../build/f1_omni/f1_omni.egg-info/top_level.txt
writing manifest file '../../build/f1_omni/f1_omni.egg-info/SOURCES.txt'
reading manifest file '../../build/f1_omni/f1_omni.egg-info/SOURCES.txt'
writing manifest file '../../build/f1_omni/f1_omni.egg-info/SOURCES.txt'
running build
running build_py
creating /home/r478a194/ros2_ws/build/f1_omni/build
creating /home/r478a194/ros2_ws/build/f1_omni/build/lib
creating /home/r478a194/ros2_ws/build/f1_omni/build/lib/f1_omni
copying f1_omni/__init__.py -> /home/r478a194/ros2_ws/build/f1_omni/build/lib/f1_omni
copying f1_omni/TLN.py -> /home/r478a194/ros2_ws/build/f1_omni/build/lib/f1_omni
copying f1_omni/crop_scan.py -> /home/r478a194/ros2_ws/build/f1_omni/build/lib/f1_omni
running install
running install_lib
creating /home/r478a194/ros2_ws/install/f1_omni/lib/python3.10/site-packages/f1_omni
copying /home/r478a194/ros2_ws/build/f1_omni/build/lib/f1_omni/__init__.py -> /home/r478a194/ros2_ws/install/f1_omni/lib/python3.10/site-packages/f1_omni
copying /home/r478a194/ros2_ws/build/f1_omni/build/lib/f1_omni/TLN.py -> /home/r478a194/ros2_ws/install/f1_omni/lib/python3.10/site-packages/f1_omni
copying /home/r478a194/ros2_ws/build/f1_omni/build/lib/f1_omni/crop_scan.py -> /home/r478a194/ros2_ws/install/f1_omni/lib/python3.10/site-packages/f1_omni
byte-compiling /home/r478a194/ros2_ws/install/f1_omni/lib/python3.10/site-packages/f1_omni/__init__.py to __init__.cpython-310.pyc
byte-compiling /home/r478a194/ros2_ws/install/f1_omni/lib/python3.10/site-packages/f1_omni/TLN.py to TLN.cpython-310.pyc
byte-compiling /home/r478a194/ros2_ws/install/f1_omni/lib/python3.10/site-packages/f1_omni/crop_scan.py to crop_scan.cpython-310.pyc
running install_data
creating /home/r478a194/ros2_ws/install/f1_omni/share/ament_index
creating /home/r478a194/ros2_ws/install/f1_omni/share/ament_index/resource_index
creating /home/r478a194/ros2_ws/install/f1_omni/share/ament_index/resource_index/packages
copying resource/f1_omni -> /home/r478a194/ros2_ws/install/f1_omni/share/ament_index/resource_index/packages
copying package.xml -> /home/r478a194/ros2_ws/install/f1_omni/share/f1_omni
running install_egg_info
Copying ../../build/f1_omni/f1_omni.egg-info to /home/r478a194/ros2_ws/install/f1_omni/lib/python3.10/site-packages/f1_omni-0.0.0-py3.10.egg-info
running install_scripts
Installing lidar script to /home/r478a194/ros2_ws/install/f1_omni/lib/f1_omni
Installing tln script to /home/r478a194/ros2_ws/install/f1_omni/lib/f1_omni
writing list of installed files to '/home/r478a194/ros2_ws/build/f1_omni/install.log'
