[0.905s] Invoking command in '/home/r478a194/ros2_ws/src/f1_omni': CONDA_PROMPT_MODIFIER=(base) PYTHONPATH=/home/r478a194/ros2_ws/build/f1_omni/prefix_override:/home/r478a194/.local/lib/python3.10/site-packages/colcon_core/task/python/colcon_distutils_commands:/home/r478a194/ros2_ws/install/f1_omni/lib/python3.10/site-packages:${PYTHONPATH} /usr/bin/python3 -W ignore:setup.py install is deprecated setup.py egg_info --egg-base ../../build/f1_omni build --build-base /home/r478a194/ros2_ws/build/f1_omni/build install --record /home/r478a194/ros2_ws/build/f1_omni/install.log --single-version-externally-managed install_data
[1.247s] running egg_info
[1.247s] creating ../../build/f1_omni/f1_omni.egg-info
[1.247s] writing ../../build/f1_omni/f1_omni.egg-info/PKG-INFO
[1.248s] writing dependency_links to ../../build/f1_omni/f1_omni.egg-info/dependency_links.txt
[1.248s] writing entry points to ../../build/f1_omni/f1_omni.egg-info/entry_points.txt
[1.248s] writing requirements to ../../build/f1_omni/f1_omni.egg-info/requires.txt
[1.248s] writing top-level names to ../../build/f1_omni/f1_omni.egg-info/top_level.txt
[1.248s] writing manifest file '../../build/f1_omni/f1_omni.egg-info/SOURCES.txt'
[1.251s] reading manifest file '../../build/f1_omni/f1_omni.egg-info/SOURCES.txt'
[1.252s] writing manifest file '../../build/f1_omni/f1_omni.egg-info/SOURCES.txt'
[1.252s] running build
[1.252s] running build_py
[1.252s] creating /home/r478a194/ros2_ws/build/f1_omni/build
[1.253s] creating /home/r478a194/ros2_ws/build/f1_omni/build/lib
[1.253s] creating /home/r478a194/ros2_ws/build/f1_omni/build/lib/f1_omni
[1.253s] copying f1_omni/__init__.py -> /home/r478a194/ros2_ws/build/f1_omni/build/lib/f1_omni
[1.253s] copying f1_omni/TLN.py -> /home/r478a194/ros2_ws/build/f1_omni/build/lib/f1_omni
[1.253s] copying f1_omni/crop_scan.py -> /home/r478a194/ros2_ws/build/f1_omni/build/lib/f1_omni
[1.253s] running install
[1.254s] running install_lib
[1.254s] creating /home/r478a194/ros2_ws/install/f1_omni/lib/python3.10/site-packages/f1_omni
[1.255s] copying /home/r478a194/ros2_ws/build/f1_omni/build/lib/f1_omni/__init__.py -> /home/r478a194/ros2_ws/install/f1_omni/lib/python3.10/site-packages/f1_omni
[1.255s] copying /home/r478a194/ros2_ws/build/f1_omni/build/lib/f1_omni/TLN.py -> /home/r478a194/ros2_ws/install/f1_omni/lib/python3.10/site-packages/f1_omni
[1.255s] copying /home/r478a194/ros2_ws/build/f1_omni/build/lib/f1_omni/crop_scan.py -> /home/r478a194/ros2_ws/install/f1_omni/lib/python3.10/site-packages/f1_omni
[1.255s] byte-compiling /home/r478a194/ros2_ws/install/f1_omni/lib/python3.10/site-packages/f1_omni/__init__.py to __init__.cpython-310.pyc
[1.256s] byte-compiling /home/r478a194/ros2_ws/install/f1_omni/lib/python3.10/site-packages/f1_omni/TLN.py to TLN.cpython-310.pyc
[1.257s] byte-compiling /home/r478a194/ros2_ws/install/f1_omni/lib/python3.10/site-packages/f1_omni/crop_scan.py to crop_scan.cpython-310.pyc
[1.257s] running install_data
[1.258s] creating /home/r478a194/ros2_ws/install/f1_omni/share/ament_index
[1.258s] creating /home/r478a194/ros2_ws/install/f1_omni/share/ament_index/resource_index
[1.258s] creating /home/r478a194/ros2_ws/install/f1_omni/share/ament_index/resource_index/packages
[1.258s] copying resource/f1_omni -> /home/r478a194/ros2_ws/install/f1_omni/share/ament_index/resource_index/packages
[1.258s] copying package.xml -> /home/r478a194/ros2_ws/install/f1_omni/share/f1_omni
[1.258s] running install_egg_info
[1.260s] Copying ../../build/f1_omni/f1_omni.egg-info to /home/r478a194/ros2_ws/install/f1_omni/lib/python3.10/site-packages/f1_omni-0.0.0-py3.10.egg-info
[1.261s] running install_scripts
[1.283s] Installing lidar script to /home/r478a194/ros2_ws/install/f1_omni/lib/f1_omni
[1.283s] Installing tln script to /home/r478a194/ros2_ws/install/f1_omni/lib/f1_omni
[1.284s] writing list of installed files to '/home/r478a194/ros2_ws/build/f1_omni/install.log'
[1.310s] Invoked command in '/home/r478a194/ros2_ws/src/f1_omni' returned '0': CONDA_PROMPT_MODIFIER=(base) PYTHONPATH=/home/r478a194/ros2_ws/build/f1_omni/prefix_override:/home/r478a194/.local/lib/python3.10/site-packages/colcon_core/task/python/colcon_distutils_commands:/home/r478a194/ros2_ws/install/f1_omni/lib/python3.10/site-packages:${PYTHONPATH} /usr/bin/python3 -W ignore:setup.py install is deprecated setup.py egg_info --egg-base ../../build/f1_omni build --build-base /home/r478a194/ros2_ws/build/f1_omni/build install --record /home/r478a194/ros2_ws/build/f1_omni/install.log --single-version-externally-managed install_data
